proguard/seeds.txt
net.sethoscope.splat.About
net.sethoscope.splat.About: About()
net.sethoscope.splat.About: void onClick(android.view.View)
net.sethoscope.splat.R$dimen: int activity_horizontal_margin
net.sethoscope.splat.R$dimen: int activity_vertical_margin
net.sethoscope.splat.R$drawable: int button_image
net.sethoscope.splat.R$drawable: int ic_launcher
net.sethoscope.splat.R$id: int aboutText
net.sethoscope.splat.R$id: int aboutUrl
net.sethoscope.splat.R$id: int action_about
net.sethoscope.splat.R$id: int action_settings
net.sethoscope.splat.R$id: int mainButton
net.sethoscope.splat.R$id: int pathField
net.sethoscope.splat.R$id: int settingsLayout
net.sethoscope.splat.R$layout: int activity_about
net.sethoscope.splat.R$layout: int activity_settings
net.sethoscope.splat.R$layout: int activity_trigger
net.sethoscope.splat.R$menu: int trigger
net.sethoscope.splat.R$string: int aboutText
net.sethoscope.splat.R$string: int action_about
net.sethoscope.splat.R$string: int action_settings
net.sethoscope.splat.R$string: int app_name
net.sethoscope.splat.R$string: int button_image_description
net.sethoscope.splat.R$string: int directory_field_hint
net.sethoscope.splat.R$string: int directory_field_title
net.sethoscope.splat.R$string: int path_settings_key
net.sethoscope.splat.R$string: int settings_key
net.sethoscope.splat.R$string: int url
net.sethoscope.splat.R$style: int AppBaseTheme
net.sethoscope.splat.R$style: int AppTheme
net.sethoscope.splat.Settings
net.sethoscope.splat.Settings: Settings()
net.sethoscope.splat.Trigger
net.sethoscope.splat.Trigger: Trigger()
...
android.support.v4.app.BackStackState
android.support.v4.app.BackStackState: android.os.Parcelable$Creator CREATOR
android.support.v4.app.Fragment$SavedState
android.support.v4.app.Fragment$SavedState: android.os.Parcelable$Creator CREATOR
android.support.v4.app.FragmentManagerState
android.support.v4.app.FragmentManagerState: android.os.Parcelable$Creator CREATOR
android.support.v4.app.FragmentState
android.support.v4.app.FragmentState: android.os.Parcelable$Creator CREATOR
android.support.v4.app.FragmentTabHost: void setOnTabChangedListener(android.widget.TabHost$OnTabChangeListener)
android.support.v4.app.FragmentTabHost$SavedState
android.support.v4.app.FragmentTabHost$SavedState: android.os.Parcelable$Creator CREATOR
android.support.v4.content.ModernAsyncTask$Status: android.support.v4.content.ModernAsyncTask$Status[] values()
android.support.v4.content.ModernAsyncTask$Status: android.support.v4.content.ModernAsyncTask$Status valueOf(java.lang.String)
android.support.v4.view.PagerTabStrip: void setTabIndicatorColor(int)
android.support.v4.view.PagerTabStrip: void setTabIndicatorColorResource(int)
android.support.v4.view.PagerTabStrip: int getTabIndicatorColor()
android.support.v4.view.PagerTabStrip: void setTextSpacing(int)
android.support.v4.view.PagerTabStrip: void setBackgroundDrawable(android.graphics.drawable.Drawable)
android.support.v4.view.PagerTabStrip: void setBackgroundColor(int)
android.support.v4.view.PagerTabStrip: void setBackgroundResource(int)
android.support.v4.view.PagerTabStrip: void setDrawFullUnderline(boolean)
android.support.v4.view.PagerTabStrip: boolean getDrawFullUnderline()
android.support.v4.view.PagerTabStrip: int getMinHeight()
android.support.v4.view.PagerTitleStrip: void setSingleLineAllCaps(android.widget.TextView)
android.support.v4.view.PagerTitleStrip: void setTextSpacing(int)
android.support.v4.view.PagerTitleStrip: int getTextSpacing()
android.support.v4.view.PagerTitleStrip: void setNonPrimaryAlpha(float)
android.support.v4.view.PagerTitleStrip: void setTextColor(int)
android.support.v4.view.PagerTitleStrip: void setGravity(int)
android.support.v4.view.PagerTitleStrip: int getMinHeight()
android.support.v4.view.ViewPager: void setScrollState(int)
android.support.v4.view.ViewPager: void setAdapter(android.support.v4.view.PagerAdapter)
android.support.v4.view.ViewPager: android.support.v4.view.PagerAdapter getAdapter()
android.support.v4.view.ViewPager: void setOnAdapterChangeListener(android.support.v4.view.ViewPager$OnAdapterChangeListener)
android.support.v4.view.ViewPager: void setCurrentItem(int)
android.support.v4.view.ViewPager: int getCurrentItem()
android.support.v4.view.ViewPager: void setOnPageChangeListener(android.support.v4.view.ViewPager$OnPageChangeListener)
android.support.v4.view.ViewPager: void setChildrenDrawingOrderEnabledCompat(boolean)
android.support.v4.view.ViewPager: int getOffscreenPageLimit()
android.support.v4.view.ViewPager: void setOffscreenPageLimit(int)
android.support.v4.view.ViewPager: void setPageMargin(int)
android.support.v4.view.ViewPager: int getPageMargin()
android.support.v4.view.ViewPager: void setPageMarginDrawable(android.graphics.drawable.Drawable)
android.support.v4.view.ViewPager: void setPageMarginDrawable(int)
android.support.v4.view.ViewPager: void setScrollingCacheEnabled(boolean)
android.support.v4.view.ViewPager$SavedState
android.support.v4.view.ViewPager$SavedState: android.os.Parcelable$Creator CREATOR