proguard/mapping.txt
net.sethoscope.splat.About -> net.sethoscope.splat.About:
    java.lang.CharSequence removePrefix(java.lang.CharSequence,java.lang.String) -> a
    java.lang.CharSequence removeSuffix(java.lang.CharSequence,java.lang.String) -> b
    void onCreate(android.os.Bundle) -> onCreate
    void onClick(android.view.View) -> onClick
net.sethoscope.splat.AudioQueue -> net.sethoscope.splat.a:
    android.media.SoundPool pool -> a
    int numSimultaneousSounds -> b
    int poolBufferSize -> c
    java.util.ArrayList filenames -> d
    java.util.HashMap loadedSounds -> e
    java.util.PriorityQueue unloadQueue -> f
    java.util.ArrayDeque playQueue -> g
    java.util.Random rand -> h
    java.lang.String TAG -> i
    void refillPlayQueue() -> a
    void enqueueRandom() -> b
    void unloadSounds() -> c
    void play() -> d
    void releaseResources() -> e
    void play(int) -> a
net.sethoscope.splat.Settings -> net.sethoscope.splat.Settings:
    android.content.SharedPreferences sharedPref -> a
    java.lang.String defaultPath -> b
    void loadSettings() -> a
    void saveSettings() -> b
    void onCreate(android.os.Bundle) -> onCreate
    void onStop() -> onStop
net.sethoscope.splat.Sound -> net.sethoscope.splat.b:
    java.lang.String filename -> a
    int id -> b
    long duration -> c
    java.lang.Long timeFinished -> d
    void updateFinishTime() -> a
    int compareTo(net.sethoscope.splat.Sound) -> a
    boolean isDone() -> b
    int compareTo(java.lang.Object) -> compareTo
net.sethoscope.splat.Trigger -> net.sethoscope.splat.Trigger:
    net.sethoscope.splat.AudioQueue queue -> a
    void onCreate(android.os.Bundle) -> onCreate
    java.lang.String getPath() -> a
    void onStart() -> onStart
    void onStop() -> onStop
    boolean onCreateOptionsMenu(android.view.Menu) -> onCreateOptionsMenu
    boolean onTouch(android.view.View,android.view.MotionEvent) -> onTouch
...
android.support.v4.view.ViewCompatJB -> android.support.v4.view.ab:
    void postInvalidateOnAnimation(android.view.View) -> a
    void postOnAnimation(android.view.View,java.lang.Runnable) -> a
android.support.v4.view.ViewPager -> android.support.v4.view.ViewPager:
    int[] LAYOUT_ATTRS -> a
    java.util.Comparator COMPARATOR -> b
    android.view.animation.Interpolator sInterpolator -> c
    java.util.ArrayList mItems -> d
    android.support.v4.view.ViewPager$ItemInfo mTempItem -> e
    android.graphics.Rect mTempRect -> f
    android.support.v4.view.PagerAdapter mAdapter -> g
    int mCurItem -> h
    int mRestoredCurItem -> i
    android.os.Parcelable mRestoredAdapterState -> j
    java.lang.ClassLoader mRestoredClassLoader -> k
    android.widget.Scroller mScroller -> l
    android.support.v4.view.ViewPager$PagerObserver mObserver -> m
    int mPageMargin -> n
    android.graphics.drawable.Drawable mMarginDrawable -> o
    int mTopPageBounds -> p
    int mBottomPageBounds -> q
    float mFirstOffset -> r
    float mLastOffset -> s
    int mChildWidthMeasureSpec -> t
    int mChildHeightMeasureSpec -> u
    boolean mInLayout -> v
    boolean mScrollingCacheEnabled -> w
    boolean mPopulatePending -> x
    int mOffscreenPageLimit -> y
    boolean mIsBeingDragged -> z
    boolean mIsUnableToDrag -> A
    int mDefaultGutterSize -> B
    int mGutterSize -> C
    int mTouchSlop -> D
    float mLastMotionX -> E
    float mLastMotionY -> F
    float mInitialMotionX -> G
    float mInitialMotionY -> H
    int mActivePointerId -> I
    android.view.VelocityTracker mVelocityTracker -> J
    int mMinimumVelocity -> K
    int mMaximumVelocity -> L
android.support.v4.view.ViewPager$1 -> android.support.v4.view.ac:
    int compare(android.support.v4.view.ViewPager$ItemInfo,android.support.v4.view.ViewPager$ItemInfo) -> a
    int compare(java.lang.Object,java.lang.Object) -> compare
android.support.v4.view.ViewPager$2 -> android.support.v4.view.ad:
    float getInterpolation(float) -> getInterpolation
android.support.v4.view.ViewPager$Decor -> android.support.v4.view.ae:
android.support.v4.view.ViewPager$ItemInfo -> android.support.v4.view.af:
    java.lang.Object object -> a
    int position -> b
    boolean scrolling -> c
    float widthFactor -> d
    float offset -> e
android.support.v4.view.ViewPager$LayoutParams -> android.support.v4.view.ag:
    boolean isDecor -> a
    int gravity -> b
    float widthFactor -> c
    boolean needsMeasure -> d
    int position -> e
    int childIndex -> f
android.support.v4.view.ViewPager$OnAdapterChangeListener -> android.support.v4.view.ah:
    void onAdapterChanged(android.support.v4.view.PagerAdapter,android.support.v4.view.PagerAdapter) -> a
android.support.v4.view.ViewPager$OnPageChangeListener -> android.support.v4.view.ai:
    void onPageScrolled(int,float,int) -> a
    void onPageSelected(int) -> a
    void onPageScrollStateChanged(int) -> b
android.support.v4.view.ViewPager$PageTransformer -> android.support.v4.view.aj:
    void transformPage(android.view.View,float) -> a
android.support.v4.view.ViewPager$PagerObserver -> android.support.v4.view.ak:
    android.support.v4.view.ViewPager this$0 -> a
    void onChanged() -> onChanged
    void onInvalidated() -> onInvalidated
android.support.v4.view.ViewPager$SavedState -> android.support.v4.view.ViewPager$SavedState:
    int position -> a
    android.os.Parcelable adapterState -> b
    java.lang.ClassLoader loader -> c
    android.os.Parcelable$Creator CREATOR -> CREATOR
    void writeToParcel(android.os.Parcel,int) -> writeToParcel
    java.lang.String toString() -> toString